0 info it worked if it ends with ok
1 verbose cli [ '/usr/bin/node', '/usr/bin/npm', 'run', 'prod' ]
2 info using npm@3.5.2
3 info using node@v8.10.0
4 verbose run-script [ 'preprod', 'prod', 'postprod' ]
5 info lifecycle webpack-app@1.0.0~preprod: webpack-app@1.0.0
6 silly lifecycle webpack-app@1.0.0~preprod: no script for preprod, continuing
7 info lifecycle webpack-app@1.0.0~prod: webpack-app@1.0.0
8 verbose lifecycle webpack-app@1.0.0~prod: unsafe-perm in lifecycle true
9 verbose lifecycle webpack-app@1.0.0~prod: PATH: /usr/share/npm/bin/node-gyp-bin:/home/tesla/Desktop/webpack/node_modules/.bin:/usr/local/sbin:/usr/local/bin:/usr/sbin:/usr/bin:/sbin:/bin:/usr/games:/usr/local/games:/snap/bin
10 verbose lifecycle webpack-app@1.0.0~prod: CWD: /home/tesla/Desktop/webpack
11 silly lifecycle webpack-app@1.0.0~prod: Args: [ '-c', 'NODE_ENV=production node src/server/main.js' ]
12 silly lifecycle webpack-app@1.0.0~prod: Returned: code: 1  signal: null
13 info lifecycle webpack-app@1.0.0~prod: Failed to exec prod script
14 verbose stack Error: webpack-app@1.0.0 prod: `NODE_ENV=production node src/server/main.js`
14 verbose stack Exit status 1
14 verbose stack     at EventEmitter.<anonymous> (/usr/share/npm/lib/utils/lifecycle.js:232:16)
14 verbose stack     at emitTwo (events.js:126:13)
14 verbose stack     at EventEmitter.emit (events.js:214:7)
14 verbose stack     at ChildProcess.<anonymous> (/usr/share/npm/lib/utils/spawn.js:24:14)
14 verbose stack     at emitTwo (events.js:126:13)
14 verbose stack     at ChildProcess.emit (events.js:214:7)
14 verbose stack     at maybeClose (internal/child_process.js:925:16)
14 verbose stack     at Process.ChildProcess._handle.onexit (internal/child_process.js:209:5)
15 verbose pkgid webpack-app@1.0.0
16 verbose cwd /home/tesla/Desktop/webpack
17 error Linux 5.3.0-28-generic
18 error argv "/usr/bin/node" "/usr/bin/npm" "run" "prod"
19 error node v8.10.0
20 error npm  v3.5.2
21 error code ELIFECYCLE
22 error webpack-app@1.0.0 prod: `NODE_ENV=production node src/server/main.js`
22 error Exit status 1
23 error Failed at the webpack-app@1.0.0 prod script 'NODE_ENV=production node src/server/main.js'.
23 error Make sure you have the latest version of node.js and npm installed.
23 error If you do, this is most likely a problem with the webpack-app package,
23 error not with npm itself.
23 error Tell the author that this fails on your system:
23 error     NODE_ENV=production node src/server/main.js
23 error You can get information on how to open an issue for this project with:
23 error     npm bugs webpack-app
23 error Or if that isn't available, you can get their info via:
23 error     npm owner ls webpack-app
23 error There is likely additional logging output above.
24 verbose exit [ 1, true ]
